Using pre-set license
Built from '2020.2/release' branch; Version is '2020.2.2f1 (068178b99f32) revision 426360'; Using compiler version '192528614'; Build Type 'Release'
OS: 'Windows 10 Home; OS build 19042.1466; Version 2009; 64bit' Language: 'en' Physical Memory: 32678 MB
BatchMode: 1, IsHumanControllingUs: 0, StartBugReporterOnCrash: 0, Is64bit: 1, IsPro: 0

 COMMAND LINE ARGUMENTS:
C:\Program Files\Unity\Editor\Unity.exe
-adb2
-batchMode
-noUpm
-name
AssetImportWorker0
-projectPath
C:/Users/Aidan Glover.000/Desktop/Unity Projects/Cert4 GB Game Systems
-logFile
Logs/AssetImportWorker0.log
-srvPort
54523
Successfully changed project path to: C:/Users/Aidan Glover.000/Desktop/Unity Projects/Cert4 GB Game Systems
C:/Users/Aidan Glover.000/Desktop/Unity Projects/Cert4 GB Game Systems
Using Asset Import Pipeline V2.
Refreshing native plugins compatible for Editor in 18.53 ms, found 0 plugins.
Preloading 0 native plugins for Editor in 0.00 ms.
Initialize engine version: 2020.2.2f1 (068178b99f32)
[Subsystems] Discovering subsystems at path C:/Program Files/Unity/Editor/Data/Resources/UnitySubsystems
[Subsystems] Discovering subsystems at path C:/Users/Aidan Glover.000/Desktop/Unity Projects/Cert4 GB Game Systems/Assets
GfxDevice: creating device client; threaded=0
Direct3D:
    Version:  Direct3D 11.0 [level 11.1]
    Renderer: NVIDIA GeForce RTX 2080 SUPER (ID=0x1e81)
    Vendor:   
    VRAM:     8010 MB
    Driver:   30.0.14.7111
Initialize mono
Mono path[0] = 'C:/Program Files/Unity/Editor/Data/Managed'
Mono path[1] = 'C:/Program Files/Unity/Editor/Data/MonoBleedingEdge/lib/mono/unityjit'
Mono config path = 'C:/Program Files/Unity/Editor/Data/MonoBleedingEdge/etc'
Using monoOptions --debugger-agent=transport=dt_socket,embedding=1,server=y,suspend=n,address=127.0.0.1:56876
Begin MonoManager ReloadAssembly
Registering precompiled unity dll's ...
Register platform support module: C:/Program Files/Unity/Editor/Data/PlaybackEngines/WindowsStandaloneSupport/UnityEditor.WindowsStandalone.Extensions.dll
Registered in 0.001661 seconds.
Native extension for WindowsStandalone target not found
Refreshing native plugins compatible for Editor in 16.61 ms, found 0 plugins.
Preloading 0 native plugins for Editor in 0.00 ms.
Invoked RoslynAnalysisRunner static constructor.
RoslynAnalysisRunner will not be running.
RoslynAnalysisRunner has terminated.
Mono: successfully reloaded assembly
- Completed reload, in  0.739 seconds
Platform modules already initialized, skipping
Registering precompiled user dll's ...
Registered in 0.000492 seconds.
Begin MonoManager ReloadAssembly
Native extension for WindowsStandalone target not found
Refreshing native plugins compatible for Editor in 0.24 ms, found 0 plugins.
Preloading 0 native plugins for Editor in 0.00 ms.
Invoked RoslynAnalysisRunner static constructor.
RoslynAnalysisRunner will not be running.
RoslynAnalysisRunner has terminated.
Mono: successfully reloaded assembly
- Completed reload, in  0.550 seconds
Platform modules already initialized, skipping
========================================================================
Worker process is ready to serve import requests
Launched and connected shader compiler UnityShaderCompiler.exe after 0.04 seconds
Refreshing native plugins compatible for Editor in 0.23 ms, found 0 plugins.
Preloading 0 native plugins for Editor in 0.00 ms.
Unloading 1099 Unused Serialized files (Serialized files now loaded: 0)
System memory in use before: 56.5 MB.
System memory in use after: 56.5 MB.

Unloading 10 unused Assets to reduce memory usage. Loaded Objects now: 1540.
Total: 1.585200 ms (FindLiveObjects: 0.144000 ms CreateObjectMapping: 0.026100 ms MarkObjects: 1.349800 ms  DeleteObjects: 0.064500 ms)

========================================================================
Received Import Request.
  path: Assets
  artifactKey: Guid(00000000000000001000000000000000) Importer(815301076,1909f56bfc062723c751e8b465ee728b)
Start importing Assets using Guid(00000000000000001000000000000000) Importer(815301076,1909f56bfc062723c751e8b465ee728b)  -> (artifact id: '4a6e520b92ccfc61bcfa21a7bcab8468') in 0.006652 seconds
  Import took 0.008171 seconds .

========================================================================
Received Import Request.
  Time since last request: 2.804432 seconds.
  path: Assets/Scripts
  artifactKey: Guid(ec7bddb59e4d81346a8f936c41deb552) Importer(815301076,1909f56bfc062723c751e8b465ee728b)
Start importing Assets/Scripts using Guid(ec7bddb59e4d81346a8f936c41deb552) Importer(815301076,1909f56bfc062723c751e8b465ee728b)  -> (artifact id: 'cb5cfdd0b1f91898347aa1492ccf99ef') in 0.006843 seconds
  Import took 0.008616 seconds .

========================================================================
Received Import Request.
  Time since last request: 124.164799 seconds.
  path: Assets/Scripts/TranslateMovement.cs
  artifactKey: Guid(1da4a50e6ba2ca24dbe225e3bc89a6a2) Importer(815301076,1909f56bfc062723c751e8b465ee728b)
Start importing Assets/Scripts/TranslateMovement.cs using Guid(1da4a50e6ba2ca24dbe225e3bc89a6a2) Importer(815301076,1909f56bfc062723c751e8b465ee728b)  -> (artifact id: 'ec34e87306342003dc8a5807edbb557d') in 0.030970 seconds
  Import took 0.032870 seconds .

========================================================================
Received Prepare
Registering precompiled user dll's ...
Registered in 0.000513 seconds.
Begin MonoManager ReloadAssembly
Native extension for WindowsStandalone target not found
Refreshing native plugins compatible for Editor in 0.23 ms, found 0 plugins.
Preloading 0 native plugins for Editor in 0.00 ms.
Invoked RoslynAnalysisRunner static constructor.
RoslynAnalysisRunner will not be running.
RoslynAnalysisRunner has terminated.
Mono: successfully reloaded assembly
- Completed reload, in  0.508 seconds
Platform modules already initialized, skipping
Refreshing native plugins compatible for Editor in 0.18 ms, found 0 plugins.
Preloading 0 native plugins for Editor in 0.00 ms.
Unloading 1095 Unused Serialized files (Serialized files now loaded: 0)
System memory in use before: 56.5 MB.
System memory in use after: 56.6 MB.

Unloading 5 unused Assets to reduce memory usage. Loaded Objects now: 1543.
Total: 1.459700 ms (FindLiveObjects: 0.147800 ms CreateObjectMapping: 0.028900 ms MarkObjects: 1.244600 ms  DeleteObjects: 0.037400 ms)

========================================================================
Received Import Request.
  Time since last request: 82.156315 seconds.
  path: Assets/Materials
  artifactKey: Guid(a8a7e672985b2c64d870975305408d9b) Importer(815301076,1909f56bfc062723c751e8b465ee728b)
Start importing Assets/Materials using Guid(a8a7e672985b2c64d870975305408d9b) Importer(815301076,1909f56bfc062723c751e8b465ee728b)  -> (artifact id: 'ff074de65545adf6159e547969b301b4') in 0.008260 seconds
  Import took 0.010122 seconds .

========================================================================
Received Import Request.
  Time since last request: 0.000157 seconds.
  path: Assets/Materials
  artifactKey: Guid(a8a7e672985b2c64d870975305408d9b) Importer(815301076,1909f56bfc062723c751e8b465ee728b)
Start importing Assets/Materials using Guid(a8a7e672985b2c64d870975305408d9b) Importer(815301076,1909f56bfc062723c751e8b465ee728b)  -> (artifact id: 'ff074de65545adf6159e547969b301b4') in 0.002408 seconds
  Import took 0.003612 seconds .

========================================================================
Received Import Request.
  Time since last request: 30.481607 seconds.
  path: Assets/Materials/Floor.mat
  artifactKey: Guid(4e6558c2633851c4cab495211a103b76) Importer(815301076,1909f56bfc062723c751e8b465ee728b)
Start importing Assets/Materials/Floor.mat using Guid(4e6558c2633851c4cab495211a103b76) Importer(815301076,1909f56bfc062723c751e8b465ee728b)  -> (artifact id: '62d9e1934065a0c668a659dc8a368353') in 0.068305 seconds
  Import took 0.070208 seconds .

========================================================================
Received Import Request.
  Time since last request: 397.819357 seconds.
  path: Assets/Materials/Wall.mat
  artifactKey: Guid(cf5785412633dbf408dcfe3ffa1acbb0) Importer(815301076,1909f56bfc062723c751e8b465ee728b)
Start importing Assets/Materials/Wall.mat using Guid(cf5785412633dbf408dcfe3ffa1acbb0) Importer(815301076,1909f56bfc062723c751e8b465ee728b)  -> (artifact id: '66ba376dc117dcdb9c34f63da822d019') in 0.018153 seconds
  Import took 0.020067 seconds .

========================================================================
Received Prepare
Registering precompiled user dll's ...
Registered in 0.000508 seconds.
Begin MonoManager ReloadAssembly
Native extension for WindowsStandalone target not found
Refreshing native plugins compatible for Editor in 0.23 ms, found 0 plugins.
Preloading 0 native plugins for Editor in 0.00 ms.
Invoked RoslynAnalysisRunner static constructor.
RoslynAnalysisRunner will not be running.
RoslynAnalysisRunner has terminated.
Mono: successfully reloaded assembly
- Completed reload, in  0.506 seconds
Platform modules already initialized, skipping
Refreshing native plugins compatible for Editor in 0.20 ms, found 0 plugins.
Preloading 0 native plugins for Editor in 0.00 ms.
Unloading 1096 Unused Serialized files (Serialized files now loaded: 0)
System memory in use before: 60.0 MB.
System memory in use after: 60.1 MB.

Unloading 5 unused Assets to reduce memory usage. Loaded Objects now: 1586.
Total: 1.493300 ms (FindLiveObjects: 0.122200 ms CreateObjectMapping: 0.026800 ms MarkObjects: 1.308600 ms  DeleteObjects: 0.034800 ms)

========================================================================
Received Prepare
Registering precompiled user dll's ...
Registered in 0.000554 seconds.
Begin MonoManager ReloadAssembly
Native extension for WindowsStandalone target not found
Refreshing native plugins compatible for Editor in 0.22 ms, found 0 plugins.
Preloading 0 native plugins for Editor in 0.00 ms.
Invoked RoslynAnalysisRunner static constructor.
RoslynAnalysisRunner will not be running.
RoslynAnalysisRunner has terminated.
Mono: successfully reloaded assembly
- Completed reload, in  0.513 seconds
Platform modules already initialized, skipping
Refreshing native plugins compatible for Editor in 0.20 ms, found 0 plugins.
Preloading 0 native plugins for Editor in 0.00 ms.
Unloading 1097 Unused Serialized files (Serialized files now loaded: 0)
System memory in use before: 60.2 MB.
System memory in use after: 60.2 MB.

Unloading 5 unused Assets to reduce memory usage. Loaded Objects now: 1589.
Total: 1.473200 ms (FindLiveObjects: 0.144500 ms CreateObjectMapping: 0.027700 ms MarkObjects: 1.260400 ms  DeleteObjects: 0.039900 ms)

========================================================================
Received Prepare
Registering precompiled user dll's ...
Registered in 0.000542 seconds.
Begin MonoManager ReloadAssembly
Native extension for WindowsStandalone target not found
Refreshing native plugins compatible for Editor in 0.23 ms, found 0 plugins.
Preloading 0 native plugins for Editor in 0.00 ms.
Invoked RoslynAnalysisRunner static constructor.
RoslynAnalysisRunner will not be running.
RoslynAnalysisRunner has terminated.
Mono: successfully reloaded assembly
- Completed reload, in  0.500 seconds
Platform modules already initialized, skipping
Refreshing native plugins compatible for Editor in 0.31 ms, found 0 plugins.
Preloading 0 native plugins for Editor in 0.00 ms.
Unloading 1098 Unused Serialized files (Serialized files now loaded: 0)
System memory in use before: 60.3 MB.
System memory in use after: 60.4 MB.

Unloading 5 unused Assets to reduce memory usage. Loaded Objects now: 1592.
Total: 1.459000 ms (FindLiveObjects: 0.154300 ms CreateObjectMapping: 0.029300 ms MarkObjects: 1.236400 ms  DeleteObjects: 0.038400 ms)

========================================================================
Received Import Request.
  Time since last request: 719.738081 seconds.
  path: Assets/CharacterHandler.cs
  artifactKey: Guid(ff6b52722c0d561448b118555d921179) Importer(815301076,1909f56bfc062723c751e8b465ee728b)
Start importing Assets/CharacterHandler.cs using Guid(ff6b52722c0d561448b118555d921179) Importer(815301076,1909f56bfc062723c751e8b465ee728b)  -> (artifact id: 'e8e2c7fb4c2b5ef08f8d28b99b6fe999') in 0.007342 seconds
  Import took 0.009103 seconds .

========================================================================
Received Import Request.
  Time since last request: 0.000358 seconds.
  path: Assets/CharacterHandler.cs
  artifactKey: Guid(ff6b52722c0d561448b118555d921179) Importer(815301076,1909f56bfc062723c751e8b465ee728b)
Start importing Assets/CharacterHandler.cs using Guid(ff6b52722c0d561448b118555d921179) Importer(815301076,1909f56bfc062723c751e8b465ee728b)  -> (artifact id: 'e8e2c7fb4c2b5ef08f8d28b99b6fe999') in 0.001807 seconds
  Import took 0.002912 seconds .

========================================================================
Received Prepare
Registering precompiled user dll's ...
Registered in 0.000467 seconds.
Begin MonoManager ReloadAssembly
Native extension for WindowsStandalone target not found
Refreshing native plugins compatible for Editor in 0.23 ms, found 0 plugins.
Preloading 0 native plugins for Editor in 0.00 ms.
Invoked RoslynAnalysisRunner static constructor.
RoslynAnalysisRunner will not be running.
RoslynAnalysisRunner has terminated.
Mono: successfully reloaded assembly
- Completed reload, in  0.533 seconds
Platform modules already initialized, skipping
Refreshing native plugins compatible for Editor in 0.26 ms, found 0 plugins.
Preloading 0 native plugins for Editor in 0.00 ms.
Unloading 1098 Unused Serialized files (Serialized files now loaded: 0)
System memory in use before: 60.4 MB.
System memory in use after: 60.4 MB.

Unloading 5 unused Assets to reduce memory usage. Loaded Objects now: 1594.
Total: 1.503400 ms (FindLiveObjects: 0.227000 ms CreateObjectMapping: 0.025700 ms MarkObjects: 1.205000 ms  DeleteObjects: 0.044900 ms)

========================================================================
Received Import Request.
  Time since last request: 9.362172 seconds.
  path: Assets/Scripts/PositionMovement.cs
  artifactKey: Guid(a6d04ea8c59a99743a63e965d987ac8c) Importer(815301076,1909f56bfc062723c751e8b465ee728b)
Start importing Assets/Scripts/PositionMovement.cs using Guid(a6d04ea8c59a99743a63e965d987ac8c) Importer(815301076,1909f56bfc062723c751e8b465ee728b)  -> (artifact id: '751754ef86479655cf43f906007e1f3e') in 0.008650 seconds
  Import took 0.010504 seconds .

========================================================================
Received Import Request.
  Time since last request: 12.161237 seconds.
  path: Assets/Scripts/VelocityMovement.cs
  artifactKey: Guid(6a4a93d35a6ceb047a3c96e17c4d8682) Importer(815301076,1909f56bfc062723c751e8b465ee728b)
Start importing Assets/Scripts/VelocityMovement.cs using Guid(6a4a93d35a6ceb047a3c96e17c4d8682) Importer(815301076,1909f56bfc062723c751e8b465ee728b)  -> (artifact id: 'c56a9c271a13694788e5dc72a6bc4598') in 0.006862 seconds
  Import took 0.008550 seconds .

========================================================================
Received Prepare
Registering precompiled user dll's ...
Registered in 0.000501 seconds.
Begin MonoManager ReloadAssembly
Native extension for WindowsStandalone target not found
Refreshing native plugins compatible for Editor in 0.23 ms, found 0 plugins.
Preloading 0 native plugins for Editor in 0.00 ms.
Invoked RoslynAnalysisRunner static constructor.
RoslynAnalysisRunner will not be running.
RoslynAnalysisRunner has terminated.
Mono: successfully reloaded assembly
- Completed reload, in  0.531 seconds
Platform modules already initialized, skipping
Refreshing native plugins compatible for Editor in 0.20 ms, found 0 plugins.
Preloading 0 native plugins for Editor in 0.00 ms.
Unloading 1099 Unused Serialized files (Serialized files now loaded: 0)
System memory in use before: 60.5 MB.
System memory in use after: 60.6 MB.

Unloading 5 unused Assets to reduce memory usage. Loaded Objects now: 1597.
Total: 1.600700 ms (FindLiveObjects: 0.228400 ms CreateObjectMapping: 0.024400 ms MarkObjects: 1.296000 ms  DeleteObjects: 0.050600 ms)

========================================================================
Received Import Request.
  Time since last request: 11.368558 seconds.
  path: Assets/Scripts/ForceMovement.cs
  artifactKey: Guid(a59e76ab16a32a34da60798531515012) Importer(815301076,1909f56bfc062723c751e8b465ee728b)
Start importing Assets/Scripts/ForceMovement.cs using Guid(a59e76ab16a32a34da60798531515012) Importer(815301076,1909f56bfc062723c751e8b465ee728b)  -> (artifact id: '852060bc7bdd2c3ff1d49f7bf1abc3d4') in 0.008936 seconds
  Import took 0.010836 seconds .

========================================================================
Received Import Request.
  Time since last request: 0.001843 seconds.
  path: Assets/Scripts/ForceMovement.cs
  artifactKey: Guid(a59e76ab16a32a34da60798531515012) Importer(815301076,1909f56bfc062723c751e8b465ee728b)
Start importing Assets/Scripts/ForceMovement.cs using Guid(a59e76ab16a32a34da60798531515012) Importer(815301076,1909f56bfc062723c751e8b465ee728b)  -> (artifact id: '852060bc7bdd2c3ff1d49f7bf1abc3d4') in 0.002106 seconds
  Import took 0.003443 seconds .

========================================================================
Received Prepare
Registering precompiled user dll's ...
Registered in 0.000460 seconds.
Begin MonoManager ReloadAssembly
Native extension for WindowsStandalone target not found
Refreshing native plugins compatible for Editor in 0.22 ms, found 0 plugins.
Preloading 0 native plugins for Editor in 0.00 ms.
Invoked RoslynAnalysisRunner static constructor.
RoslynAnalysisRunner will not be running.
RoslynAnalysisRunner has terminated.
Mono: successfully reloaded assembly
- Completed reload, in  0.512 seconds
Platform modules already initialized, skipping
Refreshing native plugins compatible for Editor in 0.19 ms, found 0 plugins.
Preloading 0 native plugins for Editor in 0.00 ms.
Unloading 1100 Unused Serialized files (Serialized files now loaded: 0)
System memory in use before: 60.6 MB.
System memory in use after: 60.7 MB.

Unloading 5 unused Assets to reduce memory usage. Loaded Objects now: 1600.
Total: 1.513500 ms (FindLiveObjects: 0.120900 ms CreateObjectMapping: 0.027100 ms MarkObjects: 1.329200 ms  DeleteObjects: 0.035400 ms)

========================================================================
Received Import Request.
  Time since last request: 196.196747 seconds.
  path: Assets/Scripts/MoveDirection.cs
  artifactKey: Guid(a0b0138eb33b4ea468acac17b50edee7) Importer(815301076,1909f56bfc062723c751e8b465ee728b)
Start importing Assets/Scripts/MoveDirection.cs using Guid(a0b0138eb33b4ea468acac17b50edee7) Importer(815301076,1909f56bfc062723c751e8b465ee728b)  -> (artifact id: '6d5a05514b9223df6a1827d7e4728c31') in 0.008094 seconds
  Import took 0.010086 seconds .

========================================================================
Received Prepare
Registering precompiled user dll's ...
Registered in 0.000482 seconds.
Begin MonoManager ReloadAssembly
Native extension for WindowsStandalone target not found
Refreshing native plugins compatible for Editor in 0.23 ms, found 0 plugins.
Preloading 0 native plugins for Editor in 0.00 ms.
Invoked RoslynAnalysisRunner static constructor.
RoslynAnalysisRunner will not be running.
RoslynAnalysisRunner has terminated.
Mono: successfully reloaded assembly
- Completed reload, in  0.531 seconds
Platform modules already initialized, skipping
Refreshing native plugins compatible for Editor in 0.19 ms, found 0 plugins.
Preloading 0 native plugins for Editor in 0.00 ms.
Unloading 1100 Unused Serialized files (Serialized files now loaded: 0)
System memory in use before: 60.7 MB.
System memory in use after: 60.8 MB.

Unloading 5 unused Assets to reduce memory usage. Loaded Objects now: 1602.
Total: 1.459800 ms (FindLiveObjects: 0.158200 ms CreateObjectMapping: 0.027600 ms MarkObjects: 1.225800 ms  DeleteObjects: 0.047500 ms)

========================================================================
Received Prepare
Registering precompiled user dll's ...
Registered in 0.000558 seconds.
Begin MonoManager ReloadAssembly
Native extension for WindowsStandalone target not found
Refreshing native plugins compatible for Editor in 0.23 ms, found 0 plugins.
Preloading 0 native plugins for Editor in 0.00 ms.
Invoked RoslynAnalysisRunner static constructor.
RoslynAnalysisRunner will not be running.
RoslynAnalysisRunner has terminated.
Mono: successfully reloaded assembly
- Completed reload, in  0.534 seconds
Platform modules already initialized, skipping
Refreshing native plugins compatible for Editor in 0.20 ms, found 0 plugins.
Preloading 0 native plugins for Editor in 0.00 ms.
Unloading 1100 Unused Serialized files (Serialized files now loaded: 0)
System memory in use before: 60.8 MB.
System memory in use after: 60.8 MB.

Unloading 5 unused Assets to reduce memory usage. Loaded Objects now: 1604.
Total: 1.495400 ms (FindLiveObjects: 0.155400 ms CreateObjectMapping: 0.025900 ms MarkObjects: 1.270700 ms  DeleteObjects: 0.042600 ms)

========================================================================
Received Import Request.
  Time since last request: 1620.694407 seconds.
  path: Assets/Scripts/CharacterHandler.cs
  artifactKey: Guid(ff6b52722c0d561448b118555d921179) Importer(815301076,1909f56bfc062723c751e8b465ee728b)
Start importing Assets/Scripts/CharacterHandler.cs using Guid(ff6b52722c0d561448b118555d921179) Importer(815301076,1909f56bfc062723c751e8b465ee728b)  -> (artifact id: '9f121000768030ada49e393cd6c6ef89') in 0.006827 seconds
  Import took 0.008538 seconds .

========================================================================
Received Prepare
Registering precompiled user dll's ...
Registered in 0.000539 seconds.
Begin MonoManager ReloadAssembly
Native extension for WindowsStandalone target not found
Refreshing native plugins compatible for Editor in 0.25 ms, found 0 plugins.
Preloading 0 native plugins for Editor in 0.00 ms.
Invoked RoslynAnalysisRunner static constructor.
RoslynAnalysisRunner will not be running.
RoslynAnalysisRunner has terminated.
Mono: successfully reloaded assembly
- Completed reload, in  0.513 seconds
Platform modules already initialized, skipping
Refreshing native plugins compatible for Editor in 0.18 ms, found 0 plugins.
Preloading 0 native plugins for Editor in 0.00 ms.
Unloading 1100 Unused Serialized files (Serialized files now loaded: 0)
System memory in use before: 60.9 MB.
System memory in use after: 60.9 MB.

Unloading 5 unused Assets to reduce memory usage. Loaded Objects now: 1606.
Total: 1.430000 ms (FindLiveObjects: 0.147200 ms CreateObjectMapping: 0.036400 ms MarkObjects: 1.208800 ms  DeleteObjects: 0.036900 ms)

========================================================================
Received Import Request.
  Time since last request: 398.354573 seconds.
  path: Assets/Scripts/MoveTowards.cs
  artifactKey: Guid(9d398d69845dddd4fbbf67f393423436) Importer(815301076,1909f56bfc062723c751e8b465ee728b)
Start importing Assets/Scripts/MoveTowards.cs using Guid(9d398d69845dddd4fbbf67f393423436) Importer(815301076,1909f56bfc062723c751e8b465ee728b)  -> (artifact id: '38494dd3a0c703be20e74920a93a192f') in 0.008111 seconds
  Import took 0.010104 seconds .

========================================================================
Received Prepare
Registering precompiled user dll's ...
Registered in 0.000491 seconds.
Begin MonoManager ReloadAssembly
Native extension for WindowsStandalone target not found
Refreshing native plugins compatible for Editor in 0.27 ms, found 0 plugins.
Preloading 0 native plugins for Editor in 0.00 ms.
Invoked RoslynAnalysisRunner static constructor.
RoslynAnalysisRunner will not be running.
RoslynAnalysisRunner has terminated.
Mono: successfully reloaded assembly
- Completed reload, in  0.534 seconds
Platform modules already initialized, skipping
Refreshing native plugins compatible for Editor in 0.19 ms, found 0 plugins.
Preloading 0 native plugins for Editor in 0.00 ms.
Unloading 1101 Unused Serialized files (Serialized files now loaded: 0)
System memory in use before: 61.0 MB.
System memory in use after: 61.0 MB.

Unloading 5 unused Assets to reduce memory usage. Loaded Objects now: 1609.
Total: 1.507700 ms (FindLiveObjects: 0.128000 ms CreateObjectMapping: 0.026600 ms MarkObjects: 1.318200 ms  DeleteObjects: 0.034000 ms)

========================================================================
Received Import Request.
  Time since last request: 474.503143 seconds.
  path: Assets/Scripts/MoveDirection.cs
  artifactKey: Guid(a0b0138eb33b4ea468acac17b50edee7) Importer(815301076,1909f56bfc062723c751e8b465ee728b)
Start importing Assets/Scripts/MoveDirection.cs using Guid(a0b0138eb33b4ea468acac17b50edee7) Importer(815301076,1909f56bfc062723c751e8b465ee728b)  -> (artifact id: '0823f7e30e82b36917d788a9d50a0651') in 0.007412 seconds
  Import took 0.009427 seconds .

========================================================================
Received Import Request.
  Time since last request: 0.000592 seconds.
  path: Assets/Scripts/MoveDirection.cs
  artifactKey: Guid(a0b0138eb33b4ea468acac17b50edee7) Importer(815301076,1909f56bfc062723c751e8b465ee728b)
Start importing Assets/Scripts/MoveDirection.cs using Guid(a0b0138eb33b4ea468acac17b50edee7) Importer(815301076,1909f56bfc062723c751e8b465ee728b)  -> (artifact id: '0823f7e30e82b36917d788a9d50a0651') in 0.001953 seconds
  Import took 0.003094 seconds .

========================================================================
Received Prepare
Registering precompiled user dll's ...
Registered in 0.000487 seconds.
Begin MonoManager ReloadAssembly
Native extension for WindowsStandalone target not found
Refreshing native plugins compatible for Editor in 0.22 ms, found 0 plugins.
Preloading 0 native plugins for Editor in 0.00 ms.
Invoked RoslynAnalysisRunner static constructor.
RoslynAnalysisRunner will not be running.
RoslynAnalysisRunner has terminated.
Mono: successfully reloaded assembly
- Completed reload, in  0.512 seconds
Platform modules already initialized, skipping
Refreshing native plugins compatible for Editor in 0.19 ms, found 0 plugins.
Preloading 0 native plugins for Editor in 0.00 ms.
Unloading 1101 Unused Serialized files (Serialized files now loaded: 0)
System memory in use before: 61.0 MB.
System memory in use after: 61.0 MB.

Unloading 5 unused Assets to reduce memory usage. Loaded Objects now: 1611.
Total: 1.772400 ms (FindLiveObjects: 0.163800 ms CreateObjectMapping: 0.043200 ms MarkObjects: 1.514200 ms  DeleteObjects: 0.050200 ms)

========================================================================
Received Import Request.
  Time since last request: 24.857591 seconds.
  path: Assets/Scripts/MoveDirection.cs
  artifactKey: Guid(a0b0138eb33b4ea468acac17b50edee7) Importer(815301076,1909f56bfc062723c751e8b465ee728b)
Start importing Assets/Scripts/MoveDirection.cs using Guid(a0b0138eb33b4ea468acac17b50edee7) Importer(815301076,1909f56bfc062723c751e8b465ee728b)  -> (artifact id: '1b3ac88455d60e71027b355c8f4a9698') in 0.003759 seconds
  Import took 0.005213 seconds .

========================================================================
Received Prepare
Registering precompiled user dll's ...
Registered in 0.000486 seconds.
Begin MonoManager ReloadAssembly
Native extension for WindowsStandalone target not found
Refreshing native plugins compatible for Editor in 0.23 ms, found 0 plugins.
Preloading 0 native plugins for Editor in 0.00 ms.
Invoked RoslynAnalysisRunner static constructor.
RoslynAnalysisRunner will not be running.
RoslynAnalysisRunner has terminated.
Mono: successfully reloaded assembly
- Completed reload, in  0.509 seconds
Platform modules already initialized, skipping
Refreshing native plugins compatible for Editor in 0.20 ms, found 0 plugins.
Preloading 0 native plugins for Editor in 0.00 ms.
Unloading 1101 Unused Serialized files (Serialized files now loaded: 0)
System memory in use before: 61.1 MB.
System memory in use after: 61.2 MB.

Unloading 5 unused Assets to reduce memory usage. Loaded Objects now: 1613.
Total: 1.468500 ms (FindLiveObjects: 0.121600 ms CreateObjectMapping: 0.023400 ms MarkObjects: 1.282600 ms  DeleteObjects: 0.040300 ms)

========================================================================
Received Prepare
Registering precompiled user dll's ...
Registered in 0.000500 seconds.
Begin MonoManager ReloadAssembly
Native extension for WindowsStandalone target not found
Refreshing native plugins compatible for Editor in 0.23 ms, found 0 plugins.
Preloading 0 native plugins for Editor in 0.00 ms.
Invoked RoslynAnalysisRunner static constructor.
RoslynAnalysisRunner will not be running.
RoslynAnalysisRunner has terminated.
Mono: successfully reloaded assembly
- Completed reload, in  0.509 seconds
Platform modules already initialized, skipping
Refreshing native plugins compatible for Editor in 0.19 ms, found 0 plugins.
Preloading 0 native plugins for Editor in 0.00 ms.
Unloading 1101 Unused Serialized files (Serialized files now loaded: 0)
System memory in use before: 61.2 MB.
System memory in use after: 61.3 MB.

Unloading 5 unused Assets to reduce memory usage. Loaded Objects now: 1615.
Total: 1.438900 ms (FindLiveObjects: 0.105100 ms CreateObjectMapping: 0.023700 ms MarkObjects: 1.277600 ms  DeleteObjects: 0.031700 ms)

========================================================================
Received Prepare
Registering precompiled user dll's ...
Registered in 0.000513 seconds.
Begin MonoManager ReloadAssembly
Native extension for WindowsStandalone target not found
Refreshing native plugins compatible for Editor in 0.23 ms, found 0 plugins.
Preloading 0 native plugins for Editor in 0.00 ms.
Invoked RoslynAnalysisRunner static constructor.
RoslynAnalysisRunner will not be running.
RoslynAnalysisRunner has terminated.
Mono: successfully reloaded assembly
- Completed reload, in  0.510 seconds
Platform modules already initialized, skipping
Refreshing native plugins compatible for Editor in 0.19 ms, found 0 plugins.
Preloading 0 native plugins for Editor in 0.00 ms.
Unloading 1101 Unused Serialized files (Serialized files now loaded: 0)
System memory in use before: 61.3 MB.
System memory in use after: 61.4 MB.

Unloading 5 unused Assets to reduce memory usage. Loaded Objects now: 1617.
Total: 1.393500 ms (FindLiveObjects: 0.118100 ms CreateObjectMapping: 0.023700 ms MarkObjects: 1.210900 ms  DeleteObjects: 0.040100 ms)

========================================================================
Received Prepare
Registering precompiled user dll's ...
Registered in 0.000633 seconds.
Begin MonoManager ReloadAssembly
Native extension for WindowsStandalone target not found
Refreshing native plugins compatible for Editor in 0.31 ms, found 0 plugins.
Preloading 0 native plugins for Editor in 0.00 ms.
Invoked RoslynAnalysisRunner static constructor.
RoslynAnalysisRunner will not be running.
RoslynAnalysisRunner has terminated.
Mono: successfully reloaded assembly
- Completed reload, in  0.596 seconds
Platform modules already initialized, skipping
Refreshing native plugins compatible for Editor in 0.22 ms, found 0 plugins.
Preloading 0 native plugins for Editor in 0.00 ms.
Unloading 1101 Unused Serialized files (Serialized files now loaded: 0)
System memory in use before: 61.4 MB.
System memory in use after: 61.5 MB.

Unloading 5 unused Assets to reduce memory usage. Loaded Objects now: 1619.
Total: 1.480800 ms (FindLiveObjects: 0.158300 ms CreateObjectMapping: 0.024000 ms MarkObjects: 1.256300 ms  DeleteObjects: 0.041500 ms)

========================================================================
Received Prepare
Registering precompiled user dll's ...
Registered in 0.000474 seconds.
Begin MonoManager ReloadAssembly
Native extension for WindowsStandalone target not found
Refreshing native plugins compatible for Editor in 0.22 ms, found 0 plugins.
Preloading 0 native plugins for Editor in 0.00 ms.
Invoked RoslynAnalysisRunner static constructor.
RoslynAnalysisRunner will not be running.
RoslynAnalysisRunner has terminated.
Mono: successfully reloaded assembly
- Completed reload, in  0.514 seconds
Platform modules already initialized, skipping
Refreshing native plugins compatible for Editor in 0.20 ms, found 0 plugins.
Preloading 0 native plugins for Editor in 0.00 ms.
Unloading 1101 Unused Serialized files (Serialized files now loaded: 0)
System memory in use before: 61.5 MB.
System memory in use after: 61.6 MB.

Unloading 5 unused Assets to reduce memory usage. Loaded Objects now: 1621.
Total: 1.516700 ms (FindLiveObjects: 0.153400 ms CreateObjectMapping: 0.026100 ms MarkObjects: 1.294100 ms  DeleteObjects: 0.042200 ms)

========================================================================
Received Prepare
Registering precompiled user dll's ...
Registered in 0.000601 seconds.
Begin MonoManager ReloadAssembly
Native extension for WindowsStandalone target not found
Refreshing native plugins compatible for Editor in 0.27 ms, found 0 plugins.
Preloading 0 native plugins for Editor in 0.00 ms.
Invoked RoslynAnalysisRunner static constructor.
RoslynAnalysisRunner will not be running.
RoslynAnalysisRunner has terminated.
Mono: successfully reloaded assembly
- Completed reload, in  0.596 seconds
Platform modules already initialized, skipping
Refreshing native plugins compatible for Editor in 0.21 ms, found 0 plugins.
Preloading 0 native plugins for Editor in 0.00 ms.
Unloading 1101 Unused Serialized files (Serialized files now loaded: 0)
System memory in use before: 61.6 MB.
System memory in use after: 61.7 MB.

Unloading 5 unused Assets to reduce memory usage. Loaded Objects now: 1623.
Total: 2.354400 ms (FindLiveObjects: 0.244600 ms CreateObjectMapping: 0.039500 ms MarkObjects: 2.023100 ms  DeleteObjects: 0.046600 ms)

========================================================================
Received Import Request.
  Time since last request: 404.062932 seconds.
  path: Assets/Scripts/MoveTowards.cs
  artifactKey: Guid(9d398d69845dddd4fbbf67f393423436) Importer(815301076,1909f56bfc062723c751e8b465ee728b)
Start importing Assets/Scripts/MoveTowards.cs using Guid(9d398d69845dddd4fbbf67f393423436) Importer(815301076,1909f56bfc062723c751e8b465ee728b)  -> (artifact id: '51581bb00ee440a15e9c6fef552e4a75') in 0.004059 seconds
  Import took 0.005787 seconds .

========================================================================
Received Prepare
Registering precompiled user dll's ...
Registered in 0.000668 seconds.
Begin MonoManager ReloadAssembly
Native extension for WindowsStandalone target not found
Refreshing native plugins compatible for Editor in 0.23 ms, found 0 plugins.
Preloading 0 native plugins for Editor in 0.00 ms.
Invoked RoslynAnalysisRunner static constructor.
RoslynAnalysisRunner will not be running.
RoslynAnalysisRunner has terminated.
Mono: successfully reloaded assembly
- Completed reload, in  0.599 seconds
Platform modules already initialized, skipping
Refreshing native plugins compatible for Editor in 0.24 ms, found 0 plugins.
Preloading 0 native plugins for Editor in 0.00 ms.
Unloading 1101 Unused Serialized files (Serialized files now loaded: 0)
System memory in use before: 61.7 MB.
System memory in use after: 61.7 MB.

Unloading 5 unused Assets to reduce memory usage. Loaded Objects now: 1625.
Total: 1.571100 ms (FindLiveObjects: 0.154900 ms CreateObjectMapping: 0.023500 ms MarkObjects: 1.353400 ms  DeleteObjects: 0.038600 ms)

========================================================================
Received Prepare
Registering precompiled user dll's ...
Registered in 0.000498 seconds.
Begin MonoManager ReloadAssembly
Native extension for WindowsStandalone target not found
Refreshing native plugins compatible for Editor in 0.22 ms, found 0 plugins.
Preloading 0 native plugins for Editor in 0.00 ms.
Invoked RoslynAnalysisRunner static constructor.
RoslynAnalysisRunner will not be running.
RoslynAnalysisRunner has terminated.
Mono: successfully reloaded assembly
- Completed reload, in  0.498 seconds
Platform modules already initialized, skipping
Refreshing native plugins compatible for Editor in 0.21 ms, found 0 plugins.
Preloading 0 native plugins for Editor in 0.00 ms.
Unloading 1101 Unused Serialized files (Serialized files now loaded: 0)
System memory in use before: 61.8 MB.
System memory in use after: 61.8 MB.

Unloading 5 unused Assets to reduce memory usage. Loaded Objects now: 1627.
Total: 1.536000 ms (FindLiveObjects: 0.123900 ms CreateObjectMapping: 0.027900 ms MarkObjects: 1.345500 ms  DeleteObjects: 0.037800 ms)

========================================================================
Received Prepare
Registering precompiled user dll's ...
Registered in 0.000463 seconds.
Begin MonoManager ReloadAssembly
Native extension for WindowsStandalone target not found
Refreshing native plugins compatible for Editor in 0.22 ms, found 0 plugins.
Preloading 0 native plugins for Editor in 0.00 ms.
Invoked RoslynAnalysisRunner static constructor.
RoslynAnalysisRunner will not be running.
RoslynAnalysisRunner has terminated.
Mono: successfully reloaded assembly
- Completed reload, in  0.526 seconds
Platform modules already initialized, skipping
Refreshing native plugins compatible for Editor in 0.26 ms, found 0 plugins.
Preloading 0 native plugins for Editor in 0.00 ms.
Unloading 1101 Unused Serialized files (Serialized files now loaded: 0)
System memory in use before: 61.8 MB.
System memory in use after: 61.9 MB.

Unloading 5 unused Assets to reduce memory usage. Loaded Objects now: 1629.
Total: 1.424700 ms (FindLiveObjects: 0.125000 ms CreateObjectMapping: 0.025500 ms MarkObjects: 1.235300 ms  DeleteObjects: 0.038300 ms)

========================================================================
Received Prepare
Registering precompiled user dll's ...
Registered in 0.000666 seconds.
Begin MonoManager ReloadAssembly
Native extension for WindowsStandalone target not found
Refreshing native plugins compatible for Editor in 0.23 ms, found 0 plugins.
Preloading 0 native plugins for Editor in 0.00 ms.
Invoked RoslynAnalysisRunner static constructor.
RoslynAnalysisRunner will not be running.
RoslynAnalysisRunner has terminated.
Mono: successfully reloaded assembly
- Completed reload, in  0.519 seconds
Platform modules already initialized, skipping
Refreshing native plugins compatible for Editor in 0.16 ms, found 0 plugins.
Preloading 0 native plugins for Editor in 0.00 ms.
Unloading 1101 Unused Serialized files (Serialized files now loaded: 0)
System memory in use before: 61.9 MB.
System memory in use after: 62.0 MB.

Unloading 5 unused Assets to reduce memory usage. Loaded Objects now: 1631.
Total: 1.467900 ms (FindLiveObjects: 0.150500 ms CreateObjectMapping: 0.028300 ms MarkObjects: 1.245900 ms  DeleteObjects: 0.042500 ms)

========================================================================
Received Prepare
Registering precompiled user dll's ...
Registered in 0.000550 seconds.
Begin MonoManager ReloadAssembly
Native extension for WindowsStandalone target not found
Refreshing native plugins compatible for Editor in 0.22 ms, found 0 plugins.
Preloading 0 native plugins for Editor in 0.00 ms.
Invoked RoslynAnalysisRunner static constructor.
RoslynAnalysisRunner will not be running.
RoslynAnalysisRunner has terminated.
Mono: successfully reloaded assembly
- Completed reload, in  0.509 seconds
Platform modules already initialized, skipping
Refreshing native plugins compatible for Editor in 0.14 ms, found 0 plugins.
Preloading 0 native plugins for Editor in 0.00 ms.
Unloading 1101 Unused Serialized files (Serialized files now loaded: 0)
System memory in use before: 62.0 MB.
System memory in use after: 62.1 MB.

Unloading 5 unused Assets to reduce memory usage. Loaded Objects now: 1633.
Total: 1.525700 ms (FindLiveObjects: 0.152900 ms CreateObjectMapping: 0.029300 ms MarkObjects: 1.303200 ms  DeleteObjects: 0.039400 ms)

========================================================================
Received Import Request.
  Time since last request: 775.147367 seconds.
  path: Assets/Scripts/PositionMovement.cs
  artifactKey: Guid(a6d04ea8c59a99743a63e965d987ac8c) Importer(815301076,1909f56bfc062723c751e8b465ee728b)
Start importing Assets/Scripts/PositionMovement.cs using Guid(a6d04ea8c59a99743a63e965d987ac8c) Importer(815301076,1909f56bfc062723c751e8b465ee728b)  -> (artifact id: 'd1a0d3b1df10689cb2454e77ac340cf7') in 0.006396 seconds
  Import took 0.008274 seconds .

========================================================================
Received Import Request.
  Time since last request: 0.001071 seconds.
  path: Assets/Scripts/PositionMovement.cs
  artifactKey: Guid(a6d04ea8c59a99743a63e965d987ac8c) Importer(815301076,1909f56bfc062723c751e8b465ee728b)
Start importing Assets/Scripts/PositionMovement.cs using Guid(a6d04ea8c59a99743a63e965d987ac8c) Importer(815301076,1909f56bfc062723c751e8b465ee728b)  -> (artifact id: 'd1a0d3b1df10689cb2454e77ac340cf7') in 0.002164 seconds
  Import took 0.003329 seconds .

========================================================================
Received Import Request.
  Time since last request: 1.346338 seconds.
  path: Assets/Scripts/TranslateMovement.cs
  artifactKey: Guid(1da4a50e6ba2ca24dbe225e3bc89a6a2) Importer(815301076,1909f56bfc062723c751e8b465ee728b)
Start importing Assets/Scripts/TranslateMovement.cs using Guid(1da4a50e6ba2ca24dbe225e3bc89a6a2) Importer(815301076,1909f56bfc062723c751e8b465ee728b)  -> (artifact id: 'efe698f798b3ad0a2572052864860e54') in 0.004757 seconds
  Import took 0.006502 seconds .

========================================================================
Received Prepare
Registering precompiled user dll's ...
Registered in 0.000503 seconds.
Begin MonoManager ReloadAssembly
Native extension for WindowsStandalone target not found
Refreshing native plugins compatible for Editor in 0.22 ms, found 0 plugins.
Preloading 0 native plugins for Editor in 0.00 ms.
Invoked RoslynAnalysisRunner static constructor.
RoslynAnalysisRunner will not be running.
RoslynAnalysisRunner has terminated.
Mono: successfully reloaded assembly
- Completed reload, in  0.506 seconds
Platform modules already initialized, skipping
Refreshing native plugins compatible for Editor in 0.27 ms, found 0 plugins.
Preloading 0 native plugins for Editor in 0.00 ms.
Unloading 1101 Unused Serialized files (Serialized files now loaded: 0)
System memory in use before: 62.1 MB.
System memory in use after: 62.2 MB.

Unloading 5 unused Assets to reduce memory usage. Loaded Objects now: 1635.
Total: 1.678300 ms (FindLiveObjects: 0.149600 ms CreateObjectMapping: 0.030200 ms MarkObjects: 1.456000 ms  DeleteObjects: 0.041600 ms)

========================================================================
Received Import Request.
  Time since last request: 54.405621 seconds.
  path: Assets/Scripts/MoveDirection.cs
  artifactKey: Guid(a0b0138eb33b4ea468acac17b50edee7) Importer(815301076,1909f56bfc062723c751e8b465ee728b)
Start importing Assets/Scripts/MoveDirection.cs using Guid(a0b0138eb33b4ea468acac17b50edee7) Importer(815301076,1909f56bfc062723c751e8b465ee728b)  -> (artifact id: '4fe17a6340a1a46c04a2f0f25d0e3297') in 0.004164 seconds
  Import took 0.005770 seconds .

========================================================================
Received Import Request.
  Time since last request: 3021.545353 seconds.
  path: Assets/Scripts/MovementExamples
  artifactKey: Guid(723647e1f43ff964f8aadc549ca73391) Importer(815301076,1909f56bfc062723c751e8b465ee728b)
Start importing Assets/Scripts/MovementExamples using Guid(723647e1f43ff964f8aadc549ca73391) Importer(815301076,1909f56bfc062723c751e8b465ee728b)  -> (artifact id: 'f9f20542a15dea31aeb8b2d89e20985a') in 0.005297 seconds
  Import took 0.007369 seconds .

========================================================================
Received Import Request.
  Time since last request: 1.717200 seconds.
  path: Assets/Scripts/VelocityMovement.cs
  artifactKey: Guid(6a4a93d35a6ceb047a3c96e17c4d8682) Importer(815301076,1909f56bfc062723c751e8b465ee728b)
Start importing Assets/Scripts/VelocityMovement.cs using Guid(6a4a93d35a6ceb047a3c96e17c4d8682) Importer(815301076,1909f56bfc062723c751e8b465ee728b)  -> (artifact id: '9739eef0f1eaf547dbfb6cde86af91f8') in 0.005859 seconds
  Import took 0.008173 seconds .

========================================================================
Received Import Request.
  Time since last request: 0.000513 seconds.
  path: Assets/Scripts/VelocityMovement.cs
  artifactKey: Guid(6a4a93d35a6ceb047a3c96e17c4d8682) Importer(815301076,1909f56bfc062723c751e8b465ee728b)
Start importing Assets/Scripts/VelocityMovement.cs using Guid(6a4a93d35a6ceb047a3c96e17c4d8682) Importer(815301076,1909f56bfc062723c751e8b465ee728b)  -> (artifact id: '9739eef0f1eaf547dbfb6cde86af91f8') in 0.002334 seconds
  Import took 0.003893 seconds .

========================================================================
Received Import Request.
  Time since last request: 90.651629 seconds.
  path: Assets/Scripts/CharacterHandler.cs
  artifactKey: Guid(d9fd452e1ef5bd74f84ca7db6ed8068b) Importer(815301076,1909f56bfc062723c751e8b465ee728b)
Start importing Assets/Scripts/CharacterHandler.cs using Guid(d9fd452e1ef5bd74f84ca7db6ed8068b) Importer(815301076,1909f56bfc062723c751e8b465ee728b)  -> (artifact id: '934f62fe5ad1942666d8219d8efa9c39') in 0.004737 seconds
  Import took 0.006415 seconds .

========================================================================
Received Import Request.
  Time since last request: 0.000380 seconds.
  path: Assets/Scripts/CharacterHandler.cs
  artifactKey: Guid(d9fd452e1ef5bd74f84ca7db6ed8068b) Importer(815301076,1909f56bfc062723c751e8b465ee728b)
Start importing Assets/Scripts/CharacterHandler.cs using Guid(d9fd452e1ef5bd74f84ca7db6ed8068b) Importer(815301076,1909f56bfc062723c751e8b465ee728b)  -> (artifact id: '934f62fe5ad1942666d8219d8efa9c39') in 0.001902 seconds
  Import took 0.003235 seconds .

========================================================================
Received Import Request.
  Time since last request: 1.356494 seconds.
  path: Assets/Scripts/VelocityMovement.cs
  artifactKey: Guid(544a1d719ea419c4581425f7397ddb1f) Importer(815301076,1909f56bfc062723c751e8b465ee728b)
Start importing Assets/Scripts/VelocityMovement.cs using Guid(544a1d719ea419c4581425f7397ddb1f) Importer(815301076,1909f56bfc062723c751e8b465ee728b)  -> (artifact id: '68d49f79810c897cb991207b691c4cce') in 0.005143 seconds
  Import took 0.006840 seconds .

========================================================================
Received Import Request.
  Time since last request: 0.686187 seconds.
  path: Assets/Scripts/PositionMovement.cs
  artifactKey: Guid(b00c626e2e4b5244683b6760e0d9d490) Importer(815301076,1909f56bfc062723c751e8b465ee728b)
Start importing Assets/Scripts/PositionMovement.cs using Guid(b00c626e2e4b5244683b6760e0d9d490) Importer(815301076,1909f56bfc062723c751e8b465ee728b)  -> (artifact id: '2aa3161acf606bac6dcb5cd5a364b576') in 0.002111 seconds
  Import took 0.003634 seconds .

========================================================================
Received Import Request.
  Time since last request: 61.006805 seconds.
  path: Assets/Materials/Floor.mat
  artifactKey: Guid(4e6558c2633851c4cab495211a103b76) Importer(815301076,1909f56bfc062723c751e8b465ee728b)
Start importing Assets/Materials/Floor.mat using Guid(4e6558c2633851c4cab495211a103b76) Importer(815301076,1909f56bfc062723c751e8b465ee728b)  -> (artifact id: 'bd2c96c92e121975193375946773b2ab') in 0.043073 seconds
  Import took 0.044895 seconds .

========================================================================
Received Import Request.
  Time since last request: 0.000148 seconds.
  path: Assets/Materials/Wall.mat
  artifactKey: Guid(cf5785412633dbf408dcfe3ffa1acbb0) Importer(815301076,1909f56bfc062723c751e8b465ee728b)
Start importing Assets/Materials/Wall.mat using Guid(cf5785412633dbf408dcfe3ffa1acbb0) Importer(815301076,1909f56bfc062723c751e8b465ee728b)  -> (artifact id: 'dd7437b5086c859c1879509fa0be4db8') in 0.010126 seconds
  Import took 0.011742 seconds .

========================================================================
Received Import Request.
  Time since last request: 0.004080 seconds.
  path: Assets/Materials/Wall.mat
  artifactKey: Guid(cf5785412633dbf408dcfe3ffa1acbb0) Importer(815301076,1909f56bfc062723c751e8b465ee728b)
Start importing Assets/Materials/Wall.mat using Guid(cf5785412633dbf408dcfe3ffa1acbb0) Importer(815301076,1909f56bfc062723c751e8b465ee728b)  -> (artifact id: 'dd7437b5086c859c1879509fa0be4db8') in 0.036804 seconds
  Import took 0.038380 seconds .

========================================================================
Received Import Request.
  Time since last request: 101.292689 seconds.
  path: Assets/Scripts/Examples
  artifactKey: Guid(ea341dc30d336d143a4dcd0e8915502b) Importer(815301076,1909f56bfc062723c751e8b465ee728b)
Start importing Assets/Scripts/Examples using Guid(ea341dc30d336d143a4dcd0e8915502b) Importer(815301076,1909f56bfc062723c751e8b465ee728b)  -> (artifact id: '9f990a324f3f2ce1a0427a936f68ca27') in 0.006550 seconds
  Import took 0.008456 seconds .

========================================================================
Received Import Request.
  Time since last request: 39.707854 seconds.
  path: Assets/Scripts/MoveTowards.cs
  artifactKey: Guid(7d1c9a647ffd1fe469e6d1b50daa9a24) Importer(815301076,1909f56bfc062723c751e8b465ee728b)
Start importing Assets/Scripts/MoveTowards.cs using Guid(7d1c9a647ffd1fe469e6d1b50daa9a24) Importer(815301076,1909f56bfc062723c751e8b465ee728b)  -> (artifact id: 'de7fe2d1f24b37bccbcd47d28c7e204d') in 0.003734 seconds
  Import took 0.005901 seconds .

========================================================================
Received Import Request.
  Time since last request: 0.000479 seconds.
  path: Assets/Scripts/MoveTowards.cs
  artifactKey: Guid(7d1c9a647ffd1fe469e6d1b50daa9a24) Importer(815301076,1909f56bfc062723c751e8b465ee728b)
Start importing Assets/Scripts/MoveTowards.cs using Guid(7d1c9a647ffd1fe469e6d1b50daa9a24) Importer(815301076,1909f56bfc062723c751e8b465ee728b)  -> (artifact id: 'de7fe2d1f24b37bccbcd47d28c7e204d') in 0.001798 seconds
  Import took 0.003206 seconds .

========================================================================
Received Prepare
Registering precompiled user dll's ...
Registered in 0.000495 seconds.
Begin MonoManager ReloadAssembly
Native extension for WindowsStandalone target not found
Refreshing native plugins compatible for Editor in 0.24 ms, found 0 plugins.
Preloading 0 native plugins for Editor in 0.00 ms.
Invoked RoslynAnalysisRunner static constructor.
RoslynAnalysisRunner will not be running.
RoslynAnalysisRunner has terminated.
Mono: successfully reloaded assembly
- Completed reload, in  0.518 seconds
Platform modules already initialized, skipping
Refreshing native plugins compatible for Editor in 0.18 ms, found 0 plugins.
Preloading 0 native plugins for Editor in 0.00 ms.
Unloading 1101 Unused Serialized files (Serialized files now loaded: 0)
System memory in use before: 61.2 MB.
System memory in use after: 61.3 MB.

Unloading 5 unused Assets to reduce memory usage. Loaded Objects now: 1638.
Total: 1.506600 ms (FindLiveObjects: 0.181000 ms CreateObjectMapping: 0.023300 ms MarkObjects: 1.258900 ms  DeleteObjects: 0.042600 ms)

========================================================================
Received Import Request.
  Time since last request: 58.700222 seconds.
  path: Assets/Scenes/SampleScene.unity
  artifactKey: Guid(9fc0d4010bbf28b4594072e72b8655ab) Importer(815301076,1909f56bfc062723c751e8b465ee728b)
Start importing Assets/Scenes/SampleScene.unity using Guid(9fc0d4010bbf28b4594072e72b8655ab) Importer(815301076,1909f56bfc062723c751e8b465ee728b)  -> (artifact id: '1c6dcae472bfb98b4257c017edb9bf15') in 0.011757 seconds
  Import took 0.013602 seconds .

========================================================================
Received Import Request.
  Time since last request: 6.751309 seconds.
  path: Assets/Scenes/MovementExampleScene.unity
  artifactKey: Guid(9fc0d4010bbf28b4594072e72b8655ab) Importer(815301076,1909f56bfc062723c751e8b465ee728b)
Start importing Assets/Scenes/MovementExampleScene.unity using Guid(9fc0d4010bbf28b4594072e72b8655ab) Importer(815301076,1909f56bfc062723c751e8b465ee728b)  -> (artifact id: 'c16b5604e276ecf858db51817d4901f0') in 0.005124 seconds
  Import took 0.006861 seconds .

========================================================================
Received Import Request.
  Time since last request: 1.585391 seconds.
  path: Assets/Scenes
  artifactKey: Guid(04e70372aa479574b8f3ae2aaf655962) Importer(815301076,1909f56bfc062723c751e8b465ee728b)
Start importing Assets/Scenes using Guid(04e70372aa479574b8f3ae2aaf655962) Importer(815301076,1909f56bfc062723c751e8b465ee728b)  -> (artifact id: '74dd9a4a59271210f20f1f528390ffdc') in 0.004900 seconds
  Import took 0.006495 seconds .

========================================================================
Received Import Request.
  Time since last request: 0.001691 seconds.
  path: Assets/Scenes
  artifactKey: Guid(04e70372aa479574b8f3ae2aaf655962) Importer(815301076,1909f56bfc062723c751e8b465ee728b)
Start importing Assets/Scenes using Guid(04e70372aa479574b8f3ae2aaf655962) Importer(815301076,1909f56bfc062723c751e8b465ee728b)  -> (artifact id: '74dd9a4a59271210f20f1f528390ffdc') in 0.001906 seconds
  Import took 0.003129 seconds .

========================================================================
Received Import Request.
  Time since last request: 10.504261 seconds.
  path: Assets/Scenes/New Scene.unity
  artifactKey: Guid(3e73e17cd433f5240bb52f5b8248a324) Importer(815301076,1909f56bfc062723c751e8b465ee728b)
Start importing Assets/Scenes/New Scene.unity using Guid(3e73e17cd433f5240bb52f5b8248a324) Importer(815301076,1909f56bfc062723c751e8b465ee728b)  -> (artifact id: '6f05ea04960589a7be05ad6d9847de16') in 0.005445 seconds
  Import took 0.007239 seconds .

========================================================================
Received Import Request.
  Time since last request: 3.411165 seconds.
  path: Assets/Scenes/GameE.unity
  artifactKey: Guid(3e73e17cd433f5240bb52f5b8248a324) Importer(815301076,1909f56bfc062723c751e8b465ee728b)
Start importing Assets/Scenes/GameE.unity using Guid(3e73e17cd433f5240bb52f5b8248a324) Importer(815301076,1909f56bfc062723c751e8b465ee728b)  -> (artifact id: 'd77e40f3c05e0c21867a06c5fd202b5b') in 0.005779 seconds
  Import took 0.007780 seconds .

========================================================================
Received Import Request.
  Time since last request: 7.965589 seconds.
  path: Assets/Scenes/Game Environment.unity
  artifactKey: Guid(3e73e17cd433f5240bb52f5b8248a324) Importer(815301076,1909f56bfc062723c751e8b465ee728b)
Start importing Assets/Scenes/Game Environment.unity using Guid(3e73e17cd433f5240bb52f5b8248a324) Importer(815301076,1909f56bfc062723c751e8b465ee728b)  -> (artifact id: '258f8f2bcca1390797d9acf924089e16') in 0.005214 seconds
  Import took 0.006872 seconds .

========================================================================
Received Import Request.
  Time since last request: 11.082319 seconds.
  path: Assets/Scenes/Movement Example Scene.unity
  artifactKey: Guid(9fc0d4010bbf28b4594072e72b8655ab) Importer(815301076,1909f56bfc062723c751e8b465ee728b)
Start importing Assets/Scenes/Movement Example Scene.unity using Guid(9fc0d4010bbf28b4594072e72b8655ab) Importer(815301076,1909f56bfc062723c751e8b465ee728b)  -> (artifact id: '027a6f2bc5b8192be81cd6fd5408cc8e') in 0.006150 seconds
  Import took 0.008156 seconds .

========================================================================
Received Import Request.
  Time since last request: 0.006537 seconds.
  path: Assets/Scenes/Movement Example Scene.unity
  artifactKey: Guid(9fc0d4010bbf28b4594072e72b8655ab) Importer(815301076,1909f56bfc062723c751e8b465ee728b)
Start importing Assets/Scenes/Movement Example Scene.unity using Guid(9fc0d4010bbf28b4594072e72b8655ab) Importer(815301076,1909f56bfc062723c751e8b465ee728b)  -> (artifact id: '027a6f2bc5b8192be81cd6fd5408cc8e') in 0.002986 seconds
  Import took 0.004850 seconds .

========================================================================
Received Import Request.
  Time since last request: 311.608776 seconds.
  path: Assets/Scripts/PlayerMovement.cs
  artifactKey: Guid(0272efcef36766d4dade295c970025d1) Importer(815301076,1909f56bfc062723c751e8b465ee728b)
Start importing Assets/Scripts/PlayerMovement.cs using Guid(0272efcef36766d4dade295c970025d1) Importer(815301076,1909f56bfc062723c751e8b465ee728b)  -> (artifact id: 'e9374302b3ba3d5f0b10db7d4fb82e0b') in 0.005026 seconds
  Import took 0.006934 seconds .

========================================================================
Received Prepare
Registering precompiled user dll's ...
Registered in 0.000755 seconds.
Begin MonoManager ReloadAssembly
Native extension for WindowsStandalone target not found
Refreshing native plugins compatible for Editor in 0.23 ms, found 0 plugins.
Preloading 0 native plugins for Editor in 0.00 ms.
Invoked RoslynAnalysisRunner static constructor.
RoslynAnalysisRunner will not be running.
RoslynAnalysisRunner has terminated.
Mono: successfully reloaded assembly
- Completed reload, in  0.516 seconds
Platform modules already initialized, skipping
Refreshing native plugins compatible for Editor in 0.20 ms, found 0 plugins.
Preloading 0 native plugins for Editor in 0.00 ms.
Unloading 1102 Unused Serialized files (Serialized files now loaded: 0)
System memory in use before: 61.4 MB.
System memory in use after: 61.4 MB.

Unloading 5 unused Assets to reduce memory usage. Loaded Objects now: 1641.
Total: 1.777600 ms (FindLiveObjects: 0.148300 ms CreateObjectMapping: 0.027100 ms MarkObjects: 1.559000 ms  DeleteObjects: 0.042600 ms)

========================================================================
Received Prepare
Registering precompiled user dll's ...
Registered in 0.000483 seconds.
Begin MonoManager ReloadAssembly
Native extension for WindowsStandalone target not found
Refreshing native plugins compatible for Editor in 0.23 ms, found 0 plugins.
Preloading 0 native plugins for Editor in 0.00 ms.
Invoked RoslynAnalysisRunner static constructor.
RoslynAnalysisRunner will not be running.
RoslynAnalysisRunner has terminated.
Mono: successfully reloaded assembly
- Completed reload, in  0.539 seconds
Platform modules already initialized, skipping
Refreshing native plugins compatible for Editor in 0.18 ms, found 0 plugins.
Preloading 0 native plugins for Editor in 0.00 ms.
Unloading 1102 Unused Serialized files (Serialized files now loaded: 0)
System memory in use before: 61.4 MB.
System memory in use after: 61.5 MB.

Unloading 5 unused Assets to reduce memory usage. Loaded Objects now: 1643.
Total: 2.119700 ms (FindLiveObjects: 0.264800 ms CreateObjectMapping: 0.026700 ms MarkObjects: 1.768900 ms  DeleteObjects: 0.058400 ms)

========================================================================
Received Import Request.
  Time since last request: 308.622473 seconds.
  path: Assets/Scripts/PlayerMovement.cs
  artifactKey: Guid(0272efcef36766d4dade295c970025d1) Importer(815301076,1909f56bfc062723c751e8b465ee728b)
Start importing Assets/Scripts/PlayerMovement.cs using Guid(0272efcef36766d4dade295c970025d1) Importer(815301076,1909f56bfc062723c751e8b465ee728b)  -> (artifact id: '678da98a58a01ed439a0f2a99bf09c89') in 0.003813 seconds
  Import took 0.005376 seconds .

========================================================================
Received Prepare
Registering precompiled user dll's ...
Registered in 0.000620 seconds.
Begin MonoManager ReloadAssembly
Native extension for WindowsStandalone target not found
Refreshing native plugins compatible for Editor in 0.23 ms, found 0 plugins.
Preloading 0 native plugins for Editor in 0.00 ms.
Invoked RoslynAnalysisRunner static constructor.
RoslynAnalysisRunner will not be running.
RoslynAnalysisRunner has terminated.
Mono: successfully reloaded assembly
- Completed reload, in  0.535 seconds
Platform modules already initialized, skipping
Refreshing native plugins compatible for Editor in 0.19 ms, found 0 plugins.
Preloading 0 native plugins for Editor in 0.00 ms.
Unloading 1102 Unused Serialized files (Serialized files now loaded: 0)
System memory in use before: 61.5 MB.
System memory in use after: 61.6 MB.

Unloading 5 unused Assets to reduce memory usage. Loaded Objects now: 1645.
Total: 1.478100 ms (FindLiveObjects: 0.126400 ms CreateObjectMapping: 0.025400 ms MarkObjects: 1.294600 ms  DeleteObjects: 0.031200 ms)

========================================================================
Received Prepare
Registering precompiled user dll's ...
Registered in 0.000486 seconds.
Begin MonoManager ReloadAssembly
Native extension for WindowsStandalone target not found
Refreshing native plugins compatible for Editor in 0.22 ms, found 0 plugins.
Preloading 0 native plugins for Editor in 0.00 ms.
Invoked RoslynAnalysisRunner static constructor.
RoslynAnalysisRunner will not be running.
RoslynAnalysisRunner has terminated.
Mono: successfully reloaded assembly
- Completed reload, in  0.504 seconds
Platform modules already initialized, skipping
Refreshing native plugins compatible for Editor in 0.16 ms, found 0 plugins.
Preloading 0 native plugins for Editor in 0.00 ms.
Unloading 1102 Unused Serialized files (Serialized files now loaded: 0)
System memory in use before: 61.6 MB.
System memory in use after: 61.7 MB.

Unloading 5 unused Assets to reduce memory usage. Loaded Objects now: 1647.
Total: 1.822900 ms (FindLiveObjects: 0.346100 ms CreateObjectMapping: 0.074600 ms MarkObjects: 1.353700 ms  DeleteObjects: 0.048000 ms)

========================================================================
Received Prepare
Registering precompiled user dll's ...
Registered in 0.000484 seconds.
Begin MonoManager ReloadAssembly
Native extension for WindowsStandalone target not found
Refreshing native plugins compatible for Editor in 0.22 ms, found 0 plugins.
Preloading 0 native plugins for Editor in 0.00 ms.
Invoked RoslynAnalysisRunner static constructor.
RoslynAnalysisRunner will not be running.
RoslynAnalysisRunner has terminated.
Mono: successfully reloaded assembly
- Completed reload, in  0.517 seconds
Platform modules already initialized, skipping
Refreshing native plugins compatible for Editor in 0.22 ms, found 0 plugins.
Preloading 0 native plugins for Editor in 0.00 ms.
Unloading 1102 Unused Serialized files (Serialized files now loaded: 0)
System memory in use before: 61.7 MB.
System memory in use after: 61.8 MB.

Unloading 5 unused Assets to reduce memory usage. Loaded Objects now: 1649.
Total: 1.600700 ms (FindLiveObjects: 0.238100 ms CreateObjectMapping: 0.028400 ms MarkObjects: 1.284200 ms  DeleteObjects: 0.048900 ms)

========================================================================
Received Prepare
Registering precompiled user dll's ...
Registered in 0.000456 seconds.
Begin MonoManager ReloadAssembly
Native extension for WindowsStandalone target not found
Refreshing native plugins compatible for Editor in 0.23 ms, found 0 plugins.
Preloading 0 native plugins for Editor in 0.00 ms.
Invoked RoslynAnalysisRunner static constructor.
RoslynAnalysisRunner will not be running.
RoslynAnalysisRunner has terminated.
Mono: successfully reloaded assembly
- Completed reload, in  0.501 seconds
Platform modules already initialized, skipping
Refreshing native plugins compatible for Editor in 0.24 ms, found 0 plugins.
Preloading 0 native plugins for Editor in 0.00 ms.
Unloading 1102 Unused Serialized files (Serialized files now loaded: 0)
System memory in use before: 61.8 MB.
System memory in use after: 61.9 MB.

Unloading 5 unused Assets to reduce memory usage. Loaded Objects now: 1651.
Total: 1.612200 ms (FindLiveObjects: 0.153500 ms CreateObjectMapping: 0.031800 ms MarkObjects: 1.381800 ms  DeleteObjects: 0.044400 ms)

========================================================================
Received Prepare
Registering precompiled user dll's ...
Registered in 0.000535 seconds.
Begin MonoManager ReloadAssembly
Native extension for WindowsStandalone target not found
Refreshing native plugins compatible for Editor in 0.22 ms, found 0 plugins.
Preloading 0 native plugins for Editor in 0.00 ms.
Invoked RoslynAnalysisRunner static constructor.
RoslynAnalysisRunner will not be running.
RoslynAnalysisRunner has terminated.
Mono: successfully reloaded assembly
- Completed reload, in  0.506 seconds
Platform modules already initialized, skipping
Refreshing native plugins compatible for Editor in 0.17 ms, found 0 plugins.
Preloading 0 native plugins for Editor in 0.00 ms.
Unloading 1102 Unused Serialized files (Serialized files now loaded: 0)
System memory in use before: 61.9 MB.
System memory in use after: 62.0 MB.

Unloading 5 unused Assets to reduce memory usage. Loaded Objects now: 1653.
Total: 1.605800 ms (FindLiveObjects: 0.121500 ms CreateObjectMapping: 0.023100 ms MarkObjects: 1.419300 ms  DeleteObjects: 0.041200 ms)

========================================================================
Received Prepare
Registering precompiled user dll's ...
Registered in 0.000523 seconds.
Begin MonoManager ReloadAssembly
Native extension for WindowsStandalone target not found
Refreshing native plugins compatible for Editor in 0.22 ms, found 0 plugins.
Preloading 0 native plugins for Editor in 0.00 ms.
Invoked RoslynAnalysisRunner static constructor.
RoslynAnalysisRunner will not be running.
RoslynAnalysisRunner has terminated.
Mono: successfully reloaded assembly
- Completed reload, in  0.515 seconds
Platform modules already initialized, skipping
Refreshing native plugins compatible for Editor in 0.35 ms, found 0 plugins.
Preloading 0 native plugins for Editor in 0.00 ms.
Unloading 1102 Unused Serialized files (Serialized files now loaded: 0)
System memory in use before: 62.0 MB.
System memory in use after: 62.1 MB.

Unloading 5 unused Assets to reduce memory usage. Loaded Objects now: 1655.
Total: 1.609400 ms (FindLiveObjects: 0.154900 ms CreateObjectMapping: 0.030300 ms MarkObjects: 1.377500 ms  DeleteObjects: 0.046100 ms)

========================================================================
Received Prepare
Registering precompiled user dll's ...
Registered in 0.000555 seconds.
Begin MonoManager ReloadAssembly
Native extension for WindowsStandalone target not found
Refreshing native plugins compatible for Editor in 0.24 ms, found 0 plugins.
Preloading 0 native plugins for Editor in 0.00 ms.
Invoked RoslynAnalysisRunner static constructor.
RoslynAnalysisRunner will not be running.
RoslynAnalysisRunner has terminated.
Mono: successfully reloaded assembly
- Completed reload, in  0.510 seconds
Platform modules already initialized, skipping
Refreshing native plugins compatible for Editor in 0.19 ms, found 0 plugins.
Preloading 0 native plugins for Editor in 0.00 ms.
Unloading 1102 Unused Serialized files (Serialized files now loaded: 0)
System memory in use before: 62.1 MB.
System memory in use after: 62.2 MB.

Unloading 5 unused Assets to reduce memory usage. Loaded Objects now: 1657.
Total: 1.899000 ms (FindLiveObjects: 0.147400 ms CreateObjectMapping: 0.027900 ms MarkObjects: 1.671300 ms  DeleteObjects: 0.051300 ms)

========================================================================
Received Prepare
Registering precompiled user dll's ...
Registered in 0.000722 seconds.
Begin MonoManager ReloadAssembly
Native extension for WindowsStandalone target not found
Refreshing native plugins compatible for Editor in 0.23 ms, found 0 plugins.
Preloading 0 native plugins for Editor in 0.00 ms.
Invoked RoslynAnalysisRunner static constructor.
RoslynAnalysisRunner will not be running.
RoslynAnalysisRunner has terminated.
Mono: successfully reloaded assembly
- Completed reload, in  0.508 seconds
Platform modules already initialized, skipping
Refreshing native plugins compatible for Editor in 0.19 ms, found 0 plugins.
Preloading 0 native plugins for Editor in 0.00 ms.
Unloading 1102 Unused Serialized files (Serialized files now loaded: 0)
System memory in use before: 62.2 MB.
System memory in use after: 62.2 MB.

Unloading 5 unused Assets to reduce memory usage. Loaded Objects now: 1659.
Total: 1.636700 ms (FindLiveObjects: 0.170400 ms CreateObjectMapping: 0.036000 ms MarkObjects: 1.387300 ms  DeleteObjects: 0.042200 ms)

========================================================================
Received Prepare
Registering precompiled user dll's ...
Registered in 0.000488 seconds.
Begin MonoManager ReloadAssembly
Native extension for WindowsStandalone target not found
Refreshing native plugins compatible for Editor in 0.22 ms, found 0 plugins.
Preloading 0 native plugins for Editor in 0.00 ms.
Invoked RoslynAnalysisRunner static constructor.
RoslynAnalysisRunner will not be running.
RoslynAnalysisRunner has terminated.
Mono: successfully reloaded assembly
- Completed reload, in  0.528 seconds
Platform modules already initialized, skipping
Refreshing native plugins compatible for Editor in 0.17 ms, found 0 plugins.
Preloading 0 native plugins for Editor in 0.00 ms.
Unloading 1102 Unused Serialized files (Serialized files now loaded: 0)
System memory in use before: 61.3 MB.
System memory in use after: 61.4 MB.

Unloading 5 unused Assets to reduce memory usage. Loaded Objects now: 1661.
Total: 1.503200 ms (FindLiveObjects: 0.164700 ms CreateObjectMapping: 0.030800 ms MarkObjects: 1.258000 ms  DeleteObjects: 0.048300 ms)

========================================================================
Received Prepare
Registering precompiled user dll's ...
Registered in 0.000516 seconds.
Begin MonoManager ReloadAssembly
Native extension for WindowsStandalone target not found
Refreshing native plugins compatible for Editor in 0.22 ms, found 0 plugins.
Preloading 0 native plugins for Editor in 0.00 ms.
Invoked RoslynAnalysisRunner static constructor.
RoslynAnalysisRunner will not be running.
RoslynAnalysisRunner has terminated.
Mono: successfully reloaded assembly
- Completed reload, in  0.559 seconds
Platform modules already initialized, skipping
Refreshing native plugins compatible for Editor in 0.20 ms, found 0 plugins.
Preloading 0 native plugins for Editor in 0.00 ms.
Unloading 1102 Unused Serialized files (Serialized files now loaded: 0)
System memory in use before: 61.4 MB.
System memory in use after: 61.5 MB.

Unloading 5 unused Assets to reduce memory usage. Loaded Objects now: 1663.
Total: 1.736900 ms (FindLiveObjects: 0.309000 ms CreateObjectMapping: 0.048400 ms MarkObjects: 1.329400 ms  DeleteObjects: 0.049400 ms)

========================================================================
Received Prepare
Registering precompiled user dll's ...
Registered in 0.000570 seconds.
Begin MonoManager ReloadAssembly
Native extension for WindowsStandalone target not found
Refreshing native plugins compatible for Editor in 0.24 ms, found 0 plugins.
Preloading 0 native plugins for Editor in 0.00 ms.
Invoked RoslynAnalysisRunner static constructor.
RoslynAnalysisRunner will not be running.
RoslynAnalysisRunner has terminated.
Mono: successfully reloaded assembly
- Completed reload, in  0.566 seconds
Platform modules already initialized, skipping
Refreshing native plugins compatible for Editor in 0.20 ms, found 0 plugins.
Preloading 0 native plugins for Editor in 0.00 ms.
Unloading 1102 Unused Serialized files (Serialized files now loaded: 0)
System memory in use before: 61.5 MB.
System memory in use after: 61.6 MB.

Unloading 5 unused Assets to reduce memory usage. Loaded Objects now: 1665.
Total: 1.785500 ms (FindLiveObjects: 0.179900 ms CreateObjectMapping: 0.035300 ms MarkObjects: 1.509600 ms  DeleteObjects: 0.060000 ms)

========================================================================
Received Import Request.
  Time since last request: 2168.949163 seconds.
  path: Assets/Scripts/MouseLook.cs
  artifactKey: Guid(9717d982f685316458741ded1d06e7b1) Importer(815301076,1909f56bfc062723c751e8b465ee728b)
Start importing Assets/Scripts/MouseLook.cs using Guid(9717d982f685316458741ded1d06e7b1) Importer(815301076,1909f56bfc062723c751e8b465ee728b)  -> (artifact id: '2d559404fc6368a0d663f560cee9f450') in 0.007375 seconds
  Import took 0.009671 seconds .

========================================================================
Received Prepare
Registering precompiled user dll's ...
Registered in 0.000509 seconds.
Begin MonoManager ReloadAssembly
Native extension for WindowsStandalone target not found
Refreshing native plugins compatible for Editor in 0.23 ms, found 0 plugins.
Preloading 0 native plugins for Editor in 0.00 ms.
Invoked RoslynAnalysisRunner static constructor.
RoslynAnalysisRunner will not be running.
RoslynAnalysisRunner has terminated.
Mono: successfully reloaded assembly
- Completed reload, in  0.506 seconds
Platform modules already initialized, skipping
Refreshing native plugins compatible for Editor in 0.20 ms, found 0 plugins.
Preloading 0 native plugins for Editor in 0.00 ms.
Unloading 1103 Unused Serialized files (Serialized files now loaded: 0)
System memory in use before: 61.6 MB.
System memory in use after: 61.7 MB.

Unloading 5 unused Assets to reduce memory usage. Loaded Objects now: 1668.
Total: 1.727600 ms (FindLiveObjects: 0.172000 ms CreateObjectMapping: 0.038000 ms MarkObjects: 1.462300 ms  DeleteObjects: 0.054300 ms)

========================================================================
Received Prepare
Registering precompiled user dll's ...
Registered in 0.000513 seconds.
Begin MonoManager ReloadAssembly
Native extension for WindowsStandalone target not found
Refreshing native plugins compatible for Editor in 0.23 ms, found 0 plugins.
Preloading 0 native plugins for Editor in 0.00 ms.
Invoked RoslynAnalysisRunner static constructor.
RoslynAnalysisRunner will not be running.
RoslynAnalysisRunner has terminated.
Mono: successfully reloaded assembly
- Completed reload, in  0.508 seconds
Platform modules already initialized, skipping
Refreshing native plugins compatible for Editor in 0.22 ms, found 0 plugins.
Preloading 0 native plugins for Editor in 0.00 ms.
Unloading 1103 Unused Serialized files (Serialized files now loaded: 0)
System memory in use before: 61.7 MB.
System memory in use after: 61.8 MB.

Unloading 5 unused Assets to reduce memory usage. Loaded Objects now: 1670.
Total: 1.619200 ms (FindLiveObjects: 0.137400 ms CreateObjectMapping: 0.028900 ms MarkObjects: 1.401900 ms  DeleteObjects: 0.050000 ms)

========================================================================
Received Import Request.
  Time since last request: 1526.885024 seconds.
  path: Assets/Scripts/MouseLook.cs
  artifactKey: Guid(9717d982f685316458741ded1d06e7b1) Importer(815301076,1909f56bfc062723c751e8b465ee728b)
Start importing Assets/Scripts/MouseLook.cs using Guid(9717d982f685316458741ded1d06e7b1) Importer(815301076,1909f56bfc062723c751e8b465ee728b)  -> (artifact id: '622be50ab81c42d111bfbe4f34050128') in 0.004423 seconds
  Import took 0.006658 seconds .

========================================================================
Received Prepare
Registering precompiled user dll's ...
Registered in 0.000558 seconds.
Begin MonoManager ReloadAssembly
Native extension for WindowsStandalone target not found
Refreshing native plugins compatible for Editor in 0.22 ms, found 0 plugins.
Preloading 0 native plugins for Editor in 0.00 ms.
Invoked RoslynAnalysisRunner static constructor.
RoslynAnalysisRunner will not be running.
RoslynAnalysisRunner has terminated.
Mono: successfully reloaded assembly
- Completed reload, in  0.577 seconds
Platform modules already initialized, skipping
Refreshing native plugins compatible for Editor in 0.19 ms, found 0 plugins.
Preloading 0 native plugins for Editor in 0.00 ms.
Unloading 1103 Unused Serialized files (Serialized files now loaded: 0)
System memory in use before: 61.8 MB.
System memory in use after: 61.9 MB.

Unloading 5 unused Assets to reduce memory usage. Loaded Objects now: 1672.
Total: 1.772700 ms (FindLiveObjects: 0.250600 ms CreateObjectMapping: 0.043100 ms MarkObjects: 1.434700 ms  DeleteObjects: 0.043600 ms)

========================================================================
Received Prepare
Registering precompiled user dll's ...
Registered in 0.001432 seconds.
Begin MonoManager ReloadAssembly
Native extension for WindowsStandalone target not found
Refreshing native plugins compatible for Editor in 0.28 ms, found 0 plugins.
Preloading 0 native plugins for Editor in 0.00 ms.
Invoked RoslynAnalysisRunner static constructor.
RoslynAnalysisRunner will not be running.
RoslynAnalysisRunner has terminated.
Mono: successfully reloaded assembly
- Completed reload, in  0.579 seconds
Platform modules already initialized, skipping
Refreshing native plugins compatible for Editor in 0.21 ms, found 0 plugins.
Preloading 0 native plugins for Editor in 0.00 ms.
Unloading 1103 Unused Serialized files (Serialized files now loaded: 0)
System memory in use before: 61.9 MB.
System memory in use after: 62.0 MB.

Unloading 5 unused Assets to reduce memory usage. Loaded Objects now: 1674.
Total: 1.576700 ms (FindLiveObjects: 0.194800 ms CreateObjectMapping: 0.026700 ms MarkObjects: 1.307800 ms  DeleteObjects: 0.046400 ms)

AssetImportWorkerClient::OnTransportError - code=2 error=End of file
